#
# There is insufficient memory for the Java Runtime Environment to continue.
# Native memory allocation (malloc) failed to allocate 1488016 bytes. Error detail: Chunk::new
# Possible reasons:
#   The system is out of physical RAM or swap space
#   This process is running with CompressedOops enabled, and the Java Heap may be blocking the growth of the native heap
# Possible solutions:
#   Reduce memory load on the system
#   Increase physical memory or swap space
#   Check if swap backing store is full
#   Decrease Java heap size (-Xmx/-Xms)
#   Decrease number of Java threads
#   Decrease Java thread stack sizes (-Xss)
#   Set larger code cache with -XX:ReservedCodeCacheSize=
#   JVM is running with Unscaled Compressed Oops mode in which the Java heap is
#     placed in the first 4GB address space. The Java Heap base address is the
#     maximum limit for the native heap growth. Please use -XX:HeapBaseMinAddress
#     to set the Java Heap base and to place the Java Heap above 4GB virtual address.
# This output file may be truncated or incomplete.
#
#  Out of Memory Error (arena.cpp:191), pid=16820, tid=26808
#
# JRE version: OpenJDK Runtime Environment (17.0.11) (build 17.0.11+0--11852314)
# Java VM: OpenJDK 64-Bit Server VM (17.0.11+0--11852314, mixed mode, tiered, compressed oops, compressed class ptrs, g1 gc, windows-amd64)
# No core dump will be written. Minidumps are not enabled by default on client versions of Windows
#

---------------  S U M M A R Y ------------

Command Line: --add-opens=java.base/java.util=ALL-UNNAMED --add-opens=java.base/java.lang=ALL-UNNAMED --add-opens=java.base/java.lang.invoke=ALL-UNNAMED --add-opens=java.prefs/java.util.prefs=ALL-UNNAMED --add-opens=java.base/java.nio.charset=ALL-UNNAMED --add-opens=java.base/java.net=ALL-UNNAMED --add-opens=java.base/java.util.concurrent.atomic=ALL-UNNAMED -Xmx2048m -Dfile.encoding=UTF-8 -Duser.country=US -Duser.language=en -Duser.variant -javaagent:C:\Users\user\.gradle\wrapper\dists\gradle-8.7-bin\bhs2wmbdwecv87pi65oeuq5iu\gradle-8.7\lib\agents\gradle-instrumentation-agent-8.7.jar org.gradle.launcher.daemon.bootstrap.GradleDaemon 8.7

Host: AMD Ryzen 5 4500U with Radeon Graphics         , 6 cores, 7G,  Windows 10 , 64 bit Build 19041 (10.0.19041.3636)
Time: Sat Aug 10 21:28:41 2024 Belarus Standard Time elapsed time: 20.524364 seconds (0d 0h 0m 20s)

---------------  T H R E A D  ---------------

Current thread (0x000001712f02e8c0):  JavaThread "C2 CompilerThread0" daemon [_thread_in_native, id=26808, stack(0x00000052f0000000,0x00000052f0100000)]


Current CompileTask:
C2:  20524 4514   !   4       java.net.URLClassLoader$1::run (81 bytes)

Stack: [0x00000052f0000000,0x00000052f0100000]
Native frames: (J=compiled Java code, j=interpreted, Vv=VM code, C=native code)
V  [jvm.dll+0x687bb9]
V  [jvm.dll+0x84142a]
V  [jvm.dll+0x8430ae]
V  [jvm.dll+0x843713]
V  [jvm.dll+0x24a35f]
V  [jvm.dll+0xac544]
V  [jvm.dll+0xacb8c]
V  [jvm.dll+0x369be2]
V  [jvm.dll+0x1be126]
V  [jvm.dll+0x21c029]
V  [jvm.dll+0x21b311]
V  [jvm.dll+0x1a63ed]
V  [jvm.dll+0x22b1ee]
V  [jvm.dll+0x229375]
V  [jvm.dll+0x7f5647]
V  [jvm.dll+0x7efa4a]
V  [jvm.dll+0x686a35]
C  [ucrtbase.dll+0x21bb2]
C  [KERNEL32.DLL+0x17344]
C  [ntdll.dll+0x4cc91]


---------------  P R O C E S S  ---------------

Threads class SMR info:
_java_thread_list=0x0000017132af7e90, length=33, elements={
0x0000017111271f50, 0x000001712ac9d300, 0x000001712ac9e090, 0x000001712f0094a0,
0x000001712f00bd80, 0x000001712f00c650, 0x000001712f00cf20, 0x000001712f02e8c0,
0x000001712f02f1d0, 0x000001712f02fef0, 0x000001712f0d0000, 0x000001712f2cb840,
0x0000017131390860, 0x000001712fc9c0f0, 0x000001712f69dfa0, 0x000001712f44e630,
0x000001712f852090, 0x000001712ff0d2c0, 0x000001712ff07720, 0x0000017130910410,
0x0000017130911850, 0x0000017130910e30, 0x0000017130911d60, 0x0000017130912270,
0x000001713090f4e0, 0x0000017130912780, 0x0000017130911340, 0x000001713090f9f0,
0x000001713090efd0, 0x000001713090ff00, 0x00000171318b1570, 0x00000171318b7ab0,
0x00000171318b6670
}

Java Threads: ( => current thread )
  0x0000017111271f50 JavaThread "main" [_thread_blocked, id=25648, stack(0x00000052ef300000,0x00000052ef400000)]
  0x000001712ac9d300 JavaThread "Reference Handler" daemon [_thread_blocked, id=9856, stack(0x00000052efa00000,0x00000052efb00000)]
  0x000001712ac9e090 JavaThread "Finalizer" daemon [_thread_blocked, id=24616, stack(0x00000052efb00000,0x00000052efc00000)]
  0x000001712f0094a0 JavaThread "Signal Dispatcher" daemon [_thread_blocked, id=11208, stack(0x00000052efc00000,0x00000052efd00000)]
  0x000001712f00bd80 JavaThread "Attach Listener" daemon [_thread_blocked, id=20868, stack(0x00000052efd00000,0x00000052efe00000)]
  0x000001712f00c650 JavaThread "Service Thread" daemon [_thread_blocked, id=20416, stack(0x00000052efe00000,0x00000052eff00000)]
  0x000001712f00cf20 JavaThread "Monitor Deflation Thread" daemon [_thread_blocked, id=27688, stack(0x00000052eff00000,0x00000052f0000000)]
=>0x000001712f02e8c0 JavaThread "C2 CompilerThread0" daemon [_thread_in_native, id=26808, stack(0x00000052f0000000,0x00000052f0100000)]
  0x000001712f02f1d0 JavaThread "C1 CompilerThread0" daemon [_thread_blocked, id=18904, stack(0x00000052f0100000,0x00000052f0200000)]
  0x000001712f02fef0 JavaThread "Sweeper thread" daemon [_thread_blocked, id=27992, stack(0x00000052f0200000,0x00000052f0300000)]
  0x000001712f0d0000 JavaThread "Common-Cleaner" daemon [_thread_blocked, id=22048, stack(0x00000052f0300000,0x00000052f0400000)]
  0x000001712f2cb840 JavaThread "Notification Thread" daemon [_thread_blocked, id=24652, stack(0x00000052f0400000,0x00000052f0500000)]
  0x0000017131390860 JavaThread "Daemon health stats" [_thread_blocked, id=25036, stack(0x00000052f0a00000,0x00000052f0b00000)]
  0x000001712fc9c0f0 JavaThread "Incoming local TCP Connector on port 57226" [_thread_in_native, id=21840, stack(0x00000052f0b00000,0x00000052f0c00000)]
  0x000001712f69dfa0 JavaThread "Daemon periodic checks" [_thread_blocked, id=19240, stack(0x00000052f0c00000,0x00000052f0d00000)]
  0x000001712f44e630 JavaThread "Daemon" [_thread_blocked, id=19672, stack(0x00000052f0d00000,0x00000052f0e00000)]
  0x000001712f852090 JavaThread "Handler for socket connection from /127.0.0.1:57226 to /127.0.0.1:57227" [_thread_in_native, id=21104, stack(0x00000052f0e00000,0x00000052f0f00000)]
  0x000001712ff0d2c0 JavaThread "Cancel handler" [_thread_blocked, id=24448, stack(0x00000052f0f00000,0x00000052f1000000)]
  0x000001712ff07720 JavaThread "Daemon worker" [_thread_in_vm, id=9404, stack(0x00000052f1000000,0x00000052f1100000)]
  0x0000017130910410 JavaThread "Asynchronous log dispatcher for DefaultDaemonConnection: socket connection from /127.0.0.1:57226 to /127.0.0.1:57227" [_thread_blocked, id=20904, stack(0x00000052f1100000,0x00000052f1200000)]
  0x0000017130911850 JavaThread "Stdin handler" [_thread_blocked, id=27092, stack(0x00000052f1200000,0x00000052f1300000)]
  0x0000017130910e30 JavaThread "Daemon client event forwarder" [_thread_blocked, id=22928, stack(0x00000052f1300000,0x00000052f1400000)]
  0x0000017130911d60 JavaThread "Cache worker for journal cache (C:\Users\user\.gradle\caches\journal-1)" [_thread_blocked, id=2496, stack(0x00000052f1600000,0x00000052f1700000)]
  0x0000017130912270 JavaThread "File lock request listener" [_thread_in_native, id=15644, stack(0x00000052f1700000,0x00000052f1800000)]
  0x000001713090f4e0 JavaThread "Cache worker for file hash cache (C:\Users\user\.gradle\caches\8.7\fileHashes)" [_thread_blocked, id=26140, stack(0x00000052f1800000,0x00000052f1900000)]
  0x0000017130912780 JavaThread "Cache worker for file hash cache (D:\soft\AndroidProjects\PhotoGallery1\.gradle\8.7\fileHashes)" [_thread_blocked, id=4140, stack(0x00000052f1900000,0x00000052f1a00000)]
  0x0000017130911340 JavaThread "File watcher server" daemon [_thread_in_native, id=6800, stack(0x00000052f1a00000,0x00000052f1b00000)]
  0x000001713090f9f0 JavaThread "File watcher consumer" daemon [_thread_blocked, id=6472, stack(0x00000052f1b00000,0x00000052f1c00000)]
  0x000001713090efd0 JavaThread "Cache worker for checksums cache (D:\soft\AndroidProjects\PhotoGallery1\.gradle\8.7\checksums)" [_thread_blocked, id=6676, stack(0x00000052f1c00000,0x00000052f1d00000)]
  0x000001713090ff00 JavaThread "Cache worker for cache directory md-supplier (C:\Users\user\.gradle\caches\8.7\md-supplier)" [_thread_blocked, id=26156, stack(0x00000052f1d00000,0x00000052f1e00000)]
  0x00000171318b1570 JavaThread "Cache worker for cache directory md-rule (C:\Users\user\.gradle\caches\8.7\md-rule)" [_thread_blocked, id=18996, stack(0x00000052f1e00000,0x00000052f1f00000)]
  0x00000171318b7ab0 JavaThread "Cache worker for file content cache (C:\Users\user\.gradle\caches\8.7\fileContent)" [_thread_blocked, id=26104, stack(0x00000052f1f00000,0x00000052f2000000)]
  0x00000171318b6670 JavaThread "Cache worker for Build Output Cleanup Cache (D:\soft\AndroidProjects\PhotoGallery1\.gradle\buildOutputCleanup)" [_thread_blocked, id=27068, stack(0x00000052f2000000,0x00000052f2100000)]

Other Threads:
  0x000001712ac996c0 VMThread "VM Thread" [stack: 0x00000052ef900000,0x00000052efa00000] [id=21780]
  0x0000017111272e20 WatcherThread [stack: 0x00000052f0500000,0x00000052f0600000] [id=21252]
  0x000001710f15e7b0 GCTaskThread "GC Thread#0" [stack: 0x00000052ef400000,0x00000052ef500000] [id=21152]
  0x000001712fca5540 GCTaskThread "GC Thread#1" [stack: 0x00000052f0600000,0x00000052f0700000] [id=19508]
  0x000001712f3035e0 GCTaskThread "GC Thread#2" [stack: 0x00000052f0700000,0x00000052f0800000] [id=19916]
  0x000001712fe903c0 GCTaskThread "GC Thread#3" [stack: 0x00000052f0800000,0x00000052f0900000] [id=10232]
  0x000001712f185fe0 GCTaskThread "GC Thread#4" [stack: 0x00000052f0900000,0x00000052f0a00000] [id=26408]
  0x000001712f850360 GCTaskThread "GC Thread#5" [stack: 0x00000052f1400000,0x00000052f1500000] [id=22460]
  0x00000171112db1c0 ConcurrentGCThread "G1 Main Marker" [stack: 0x00000052ef500000,0x00000052ef600000] [id=23324]
  0x00000171112dbaf0 ConcurrentGCThread "G1 Conc#0" [stack: 0x00000052ef600000,0x00000052ef700000] [id=28452]
  0x000001712f4875c0 ConcurrentGCThread "G1 Conc#1" [stack: 0x00000052f1500000,0x00000052f1600000] [id=15516]
  0x000001712aaf20b0 ConcurrentGCThread "G1 Refine#0" [stack: 0x00000052ef700000,0x00000052ef800000] [id=16716]
  0x000001712aaf28f0 ConcurrentGCThread "G1 Service" [stack: 0x00000052ef800000,0x00000052ef900000] [id=3464]

Threads with active compile tasks:
C2 CompilerThread0    20547 4514   !   4       java.net.URLClassLoader$1::run (81 bytes)

VM state: not at safepoint (normal execution)

VM Mutex/Monitor currently owned by a thread: None

Heap address: 0x0000000080000000, size: 2048 MB, Compressed Oops mode: 32-bit

CDS archive(s) not mapped
Compressed class space mapped at: 0x0000000100000000-0x0000000140000000, reserved size: 1073741824
Narrow klass base: 0x0000000000000000, Narrow klass shift: 3, Narrow klass range: 0x140000000

GC Precious Log:
 CPUs: 6 total, 6 available
 Memory: 7549M
 Large Page Support: Disabled
 NUMA Support: Disabled
 Compressed Oops: Enabled (32-bit)
 Heap Region Size: 1M
 Heap Min Capacity: 8M
 Heap Initial Capacity: 118M
 Heap Max Capacity: 2G
 Pre-touch: Disabled
 Parallel Workers: 6
 Concurrent Workers: 2
 Concurrent Refinement Workers: 6
 Periodic GC: Disabled

Heap:
 garbage-first heap   total 92160K, used 58626K [0x0000000080000000, 0x0000000100000000)
  region size 1024K, 28 young (28672K), 5 survivors (5120K)
 Metaspace       used 59173K, committed 59648K, reserved 1114112K
  class space    used 8062K, committed 8256K, reserved 1048576K

Heap Regions: E=young(eden), S=young(survivor), O=old, HS=humongous(starts), HC=humongous(continues), CS=collection set, F=free, OA=open archive, CA=closed archive, TAMS=top-at-mark-start (previous, next)
|   0|0x0000000080000000, 0x0000000080100000, 0x0000000080100000|100%|HS|  |TAMS 0x0000000080100000, 0x0000000080000000| Complete 
|   1|0x0000000080100000, 0x0000000080200000, 0x0000000080200000|100%|HC|  |TAMS 0x0000000080200000, 0x0000000080100000| Complete 
|   2|0x0000000080200000, 0x0000000080300000, 0x0000000080300000|100%|HC|  |TAMS 0x0000000080300000, 0x0000000080200000| Complete 
|   3|0x0000000080300000, 0x0000000080400000, 0x0000000080400000|100%|HC|  |TAMS 0x0000000080400000, 0x0000000080300000| Complete 
|   4|0x0000000080400000, 0x0000000080500000, 0x0000000080500000|100%| O|  |TAMS 0x0000000080500000, 0x0000000080400000| Untracked 
|   5|0x0000000080500000, 0x0000000080600000, 0x0000000080600000|100%| O|  |TAMS 0x0000000080600000, 0x0000000080500000| Untracked 
|   6|0x0000000080600000, 0x0000000080700000, 0x0000000080700000|100%| O|  |TAMS 0x0000000080700000, 0x0000000080600000| Untracked 
|   7|0x0000000080700000, 0x0000000080800000, 0x0000000080800000|100%| O|  |TAMS 0x0000000080800000, 0x0000000080700000| Untracked 
|   8|0x0000000080800000, 0x0000000080900000, 0x0000000080900000|100%| O|  |TAMS 0x0000000080800000, 0x0000000080800000| Untracked 
|   9|0x0000000080900000, 0x0000000080a00000, 0x0000000080a00000|100%| O|  |TAMS 0x0000000080a00000, 0x0000000080900000| Untracked 
|  10|0x0000000080a00000, 0x0000000080b00000, 0x0000000080b00000|100%| O|  |TAMS 0x0000000080b00000, 0x0000000080a00000| Untracked 
|  11|0x0000000080b00000, 0x0000000080c00000, 0x0000000080c00000|100%| O|  |TAMS 0x0000000080c00000, 0x0000000080b00000| Untracked 
|  12|0x0000000080c00000, 0x0000000080d00000, 0x0000000080d00000|100%| O|  |TAMS 0x0000000080d00000, 0x0000000080c00000| Untracked 
|  13|0x0000000080d00000, 0x0000000080e00000, 0x0000000080e00000|100%| O|  |TAMS 0x0000000080e00000, 0x0000000080d00000| Untracked 
|  14|0x0000000080e00000, 0x0000000080f00000, 0x0000000080f00000|100%| O|  |TAMS 0x0000000080f00000, 0x0000000080e00000| Untracked 
|  15|0x0000000080f00000, 0x0000000081000000, 0x0000000081000000|100%| O|  |TAMS 0x0000000081000000, 0x0000000080f00000| Untracked 
|  16|0x0000000081000000, 0x0000000081100000, 0x0000000081100000|100%| O|  |TAMS 0x0000000081100000, 0x0000000081000000| Untracked 
|  17|0x0000000081100000, 0x0000000081200000, 0x0000000081200000|100%| O|  |TAMS 0x0000000081200000, 0x0000000081100000| Untracked 
|  18|0x0000000081200000, 0x0000000081300000, 0x0000000081300000|100%| O|  |TAMS 0x0000000081300000, 0x0000000081200000| Untracked 
|  19|0x0000000081300000, 0x0000000081400000, 0x0000000081400000|100%| O|  |TAMS 0x0000000081400000, 0x0000000081300000| Untracked 
|  20|0x0000000081400000, 0x0000000081500000, 0x0000000081500000|100%| O|  |TAMS 0x0000000081500000, 0x0000000081400000| Untracked 
|  21|0x0000000081500000, 0x0000000081600000, 0x0000000081600000|100%| O|  |TAMS 0x0000000081555600, 0x0000000081500000| Untracked 
|  22|0x0000000081600000, 0x0000000081700000, 0x0000000081700000|100%| O|  |TAMS 0x0000000081600000, 0x0000000081600000| Untracked 
|  23|0x0000000081700000, 0x0000000081800000, 0x0000000081800000|100%| O|  |TAMS 0x0000000081700000, 0x0000000081700000| Untracked 
|  24|0x0000000081800000, 0x0000000081900000, 0x0000000081900000|100%| O|  |TAMS 0x0000000081800000, 0x0000000081800000| Untracked 
|  25|0x0000000081900000, 0x0000000081a00000, 0x0000000081a00000|100%| O|  |TAMS 0x0000000081900000, 0x0000000081900000| Untracked 
|  26|0x0000000081a00000, 0x0000000081b00000, 0x0000000081b00000|100%| O|  |TAMS 0x0000000081a00000, 0x0000000081a00000| Untracked 
|  27|0x0000000081b00000, 0x0000000081c00000, 0x0000000081c00000|100%| O|  |TAMS 0x0000000081b00000, 0x0000000081b00000| Untracked 
|  28|0x0000000081c00000, 0x0000000081d00000, 0x0000000081d00000|100%| O|  |TAMS 0x0000000081c00000, 0x0000000081c00000| Untracked 
|  29|0x0000000081d00000, 0x0000000081e00000, 0x0000000081e00000|100%| O|  |TAMS 0x0000000081d00000, 0x0000000081d00000| Untracked 
|  30|0x0000000081e00000, 0x0000000081e00000, 0x0000000081f00000|  0%| F|  |TAMS 0x0000000081e00000, 0x0000000081e00000| Untracked 
|  31|0x0000000081f00000, 0x0000000081f00000, 0x0000000082000000|  0%| F|  |TAMS 0x0000000081f00000, 0x0000000081f00000| Untracked 
|  32|0x0000000082000000, 0x00000000820ee000, 0x0000000082100000| 92%| O|  |TAMS 0x0000000082000000, 0x0000000082000000| Untracked 
|  33|0x0000000082100000, 0x0000000082100000, 0x0000000082200000|  0%| F|  |TAMS 0x0000000082100000, 0x0000000082100000| Untracked 
|  34|0x0000000082200000, 0x0000000082200000, 0x0000000082300000|  0%| F|  |TAMS 0x0000000082200000, 0x0000000082200000| Untracked 
|  35|0x0000000082300000, 0x0000000082300000, 0x0000000082400000|  0%| F|  |TAMS 0x0000000082300000, 0x0000000082300000| Untracked 
|  36|0x0000000082400000, 0x0000000082400000, 0x0000000082500000|  0%| F|  |TAMS 0x0000000082400000, 0x0000000082400000| Untracked 
|  37|0x0000000082500000, 0x0000000082500000, 0x0000000082600000|  0%| F|  |TAMS 0x0000000082500000, 0x0000000082500000| Untracked 
|  38|0x0000000082600000, 0x0000000082600000, 0x0000000082700000|  0%| F|  |TAMS 0x0000000082600000, 0x0000000082600000| Untracked 
|  39|0x0000000082700000, 0x0000000082700000, 0x0000000082800000|  0%| F|  |TAMS 0x0000000082700000, 0x0000000082700000| Untracked 
|  40|0x0000000082800000, 0x0000000082800000, 0x0000000082900000|  0%| F|  |TAMS 0x0000000082800000, 0x0000000082800000| Untracked 
|  41|0x0000000082900000, 0x0000000082900000, 0x0000000082a00000|  0%| F|  |TAMS 0x0000000082900000, 0x0000000082900000| Untracked 
|  42|0x0000000082a00000, 0x0000000082a00000, 0x0000000082b00000|  0%| F|  |TAMS 0x0000000082a00000, 0x0000000082a00000| Untracked 
|  43|0x0000000082b00000, 0x0000000082b52830, 0x0000000082c00000| 32%| S|CS|TAMS 0x0000000082b00000, 0x0000000082b00000| Complete 
|  44|0x0000000082c00000, 0x0000000082d00000, 0x0000000082d00000|100%| S|CS|TAMS 0x0000000082c00000, 0x0000000082c00000| Complete 
|  45|0x0000000082d00000, 0x0000000082e00000, 0x0000000082e00000|100%| S|CS|TAMS 0x0000000082d00000, 0x0000000082d00000| Complete 
|  46|0x0000000082e00000, 0x0000000082f00000, 0x0000000082f00000|100%| S|CS|TAMS 0x0000000082e00000, 0x0000000082e00000| Complete 
|  47|0x0000000082f00000, 0x0000000082f00000, 0x0000000083000000|  0%| F|  |TAMS 0x0000000082f00000, 0x0000000082f00000| Untracked 
|  48|0x0000000083000000, 0x0000000083000000, 0x0000000083100000|  0%| F|  |TAMS 0x0000000083000000, 0x0000000083000000| Untracked 
|  49|0x0000000083100000, 0x0000000083100000, 0x0000000083200000|  0%| F|  |TAMS 0x0000000083100000, 0x0000000083100000| Untracked 
|  50|0x0000000083200000, 0x0000000083200000, 0x0000000083300000|  0%| F|  |TAMS 0x0000000083200000, 0x0000000083200000| Untracked 
|  51|0x0000000083300000, 0x0000000083400000, 0x0000000083400000|100%| S|CS|TAMS 0x0000000083300000, 0x0000000083300000| Complete 
|  52|0x0000000083400000, 0x0000000083400000, 0x0000000083500000|  0%| F|  |TAMS 0x0000000083400000, 0x0000000083400000| Untracked 
|  53|0x0000000083500000, 0x0000000083500000, 0x0000000083600000|  0%| F|  |TAMS 0x0000000083500000, 0x0000000083500000| Untracked 
|  54|0x0000000083600000, 0x0000000083600000, 0x0000000083700000|  0%| F|  |TAMS 0x0000000083600000, 0x0000000083600000| Untracked 
|  55|0x0000000083700000, 0x0000000083700000, 0x0000000083800000|  0%| F|  |TAMS 0x0000000083700000, 0x0000000083700000| Untracked 
|  56|0x0000000083800000, 0x0000000083800000, 0x0000000083900000|  0%| F|  |TAMS 0x0000000083800000, 0x0000000083800000| Untracked 
|  57|0x0000000083900000, 0x0000000083900000, 0x0000000083a00000|  0%| F|  |TAMS 0x0000000083900000, 0x0000000083900000| Untracked 
|  58|0x0000000083a00000, 0x0000000083a00000, 0x0000000083b00000|  0%| F|  |TAMS 0x0000000083a00000, 0x0000000083a00000| Untracked 
|  59|0x0000000083b00000, 0x0000000083b00000, 0x0000000083c00000|  0%| F|  |TAMS 0x0000000083b00000, 0x0000000083b00000| Untracked 
|  60|0x0000000083c00000, 0x0000000083c00000, 0x0000000083d00000|  0%| F|  |TAMS 0x0000000083c00000, 0x0000000083c00000| Untracked 
|  61|0x0000000083d00000, 0x0000000083d00000, 0x0000000083e00000|  0%| F|  |TAMS 0x0000000083d00000, 0x0000000083d00000| Untracked 
|  62|0x0000000083e00000, 0x0000000083e00000, 0x0000000083f00000|  0%| F|  |TAMS 0x0000000083e00000, 0x0000000083e00000| Untracked 
|  63|0x0000000083f00000, 0x0000000083f00000, 0x0000000084000000|  0%| F|  |TAMS 0x0000000083f00000, 0x0000000083f00000| Untracked 
|  64|0x0000000084000000, 0x0000000084000000, 0x0000000084100000|  0%| F|  |TAMS 0x0000000084000000, 0x0000000084000000| Untracked 
|  65|0x0000000084100000, 0x0000000084100000, 0x0000000084200000|  0%| F|  |TAMS 0x0000000084100000, 0x0000000084100000| Untracked 
|  66|0x0000000084200000, 0x0000000084200000, 0x0000000084300000|  0%| F|  |TAMS 0x0000000084200000, 0x0000000084200000| Untracked 
|  67|0x0000000084300000, 0x00000000843822b0, 0x0000000084400000| 50%| E|  |TAMS 0x0000000084300000, 0x0000000084300000| Complete 
|  68|0x0000000084400000, 0x0000000084500000, 0x0000000084500000|100%| E|CS|TAMS 0x0000000084400000, 0x0000000084400000| Complete 
|  69|0x0000000084500000, 0x0000000084600000, 0x0000000084600000|100%| E|CS|TAMS 0x0000000084500000, 0x0000000084500000| Complete 
|  70|0x0000000084600000, 0x0000000084700000, 0x0000000084700000|100%| E|CS|TAMS 0x0000000084600000, 0x0000000084600000| Complete 
|  71|0x0000000084700000, 0x0000000084800000, 0x0000000084800000|100%| E|CS|TAMS 0x0000000084700000, 0x0000000084700000| Complete 
|  72|0x0000000084800000, 0x0000000084900000, 0x0000000084900000|100%| E|CS|TAMS 0x0000000084800000, 0x0000000084800000| Complete 
|  73|0x0000000084900000, 0x0000000084a00000, 0x0000000084a00000|100%| E|CS|TAMS 0x0000000084900000, 0x0000000084900000| Complete 
|  74|0x0000000084a00000, 0x0000000084b00000, 0x0000000084b00000|100%| E|CS|TAMS 0x0000000084a00000, 0x0000000084a00000| Complete 
|  75|0x0000000084b00000, 0x0000000084c00000, 0x0000000084c00000|100%| E|CS|TAMS 0x0000000084b00000, 0x0000000084b00000| Complete 
|  76|0x0000000084c00000, 0x0000000084d00000, 0x0000000084d00000|100%| E|CS|TAMS 0x0000000084c00000, 0x0000000084c00000| Complete 
|  77|0x0000000084d00000, 0x0000000084e00000, 0x0000000084e00000|100%| E|CS|TAMS 0x0000000084d00000, 0x0000000084d00000| Complete 
|  78|0x0000000084e00000, 0x0000000084f00000, 0x0000000084f00000|100%| E|CS|TAMS 0x0000000084e00000, 0x0000000084e00000| Complete 
|  79|0x0000000084f00000, 0x0000000085000000, 0x0000000085000000|100%| E|CS|TAMS 0x0000000084f00000, 0x0000000084f00000| Complete 
|  80|0x0000000085000000, 0x0000000085100000, 0x0000000085100000|100%| E|CS|TAMS 0x0000000085000000, 0x0000000085000000| Complete 
|  81|0x0000000085100000, 0x0000000085200000, 0x0000000085200000|100%| E|CS|TAMS 0x0000000085100000, 0x0000000085100000| Complete 
|  82|0x0000000085200000, 0x0000000085300000, 0x0000000085300000|100%| E|CS|TAMS 0x0000000085200000, 0x0000000085200000| Complete 
|  83|0x0000000085300000, 0x0000000085400000, 0x0000000085400000|100%| E|CS|TAMS 0x0000000085300000, 0x0000000085300000| Complete 
|  84|0x0000000085400000, 0x0000000085500000, 0x0000000085500000|100%| E|CS|TAMS 0x0000000085400000, 0x0000000085400000| Complete 
|  85|0x0000000085500000, 0x0000000085600000, 0x0000000085600000|100%| E|CS|TAMS 0x0000000085500000, 0x0000000085500000| Complete 
|  86|0x0000000085600000, 0x0000000085700000, 0x0000000085700000|100%| E|CS|TAMS 0x0000000085600000, 0x0000000085600000| Complete 
|  87|0x0000000085700000, 0x0000000085800000, 0x0000000085800000|100%| E|CS|TAMS 0x0000000085700000, 0x0000000085700000| Complete 
|  88|0x0000000085800000, 0x0000000085900000, 0x0000000085900000|100%| E|CS|TAMS 0x0000000085800000, 0x0000000085800000| Complete 
| 117|0x0000000087500000, 0x0000000087600000, 0x0000000087600000|100%| E|CS|TAMS 0x0000000087500000, 0x0000000087500000| Complete 

Card table byte_map: [0x0000017123c70000,0x0000017124070000] _byte_map_base: 0x0000017123870000

Marking Bits (Prev, Next): (CMBitMap*) 0x00000171112c9320, (CMBitMap*) 0x00000171112c9360
 Prev Bits: [0x0000017124470000, 0x0000017126470000)
 Next Bits: [0x0000017126470000, 0x0000017128470000)

Polling page: 0x000001710f200000

Metaspace:

Usage:
  Non-class:     49.93 MB used.
      Class:      7.88 MB used.
       Both:     57.81 MB used.

Virtual space:
  Non-class space:       64.00 MB reserved,      50.19 MB ( 78%) committed,  1 nodes.
      Class space:        1.00 GB reserved,       8.12 MB ( <1%) committed,  1 nodes.
             Both:        1.06 GB reserved,      58.31 MB (  5%) committed. 

Chunk freelists:
   Non-Class:  13.78 MB
       Class:  7.92 MB
        Both:  21.70 MB

MaxMetaspaceSize: unlimited
CompressedClassSpaceSize: 1.00 GB
Initial GC threshold: 21.00 MB
Current GC threshold: 58.75 MB
CDS: off
MetaspaceReclaimPolicy: balanced
 - commit_granule_bytes: 65536.
 - commit_granule_words: 8192.
 - virtual_space_node_default_size: 8388608.
 - enlarge_chunks_in_place: 1.
 - new_chunks_are_fully_committed: 0.
 - uncommit_free_chunks: 1.
 - use_allocation_guard: 0.
 - handle_deallocations: 1.


Internal statistics:

num_allocs_failed_limit: 6.
num_arena_births: 618.
num_arena_deaths: 0.
num_vsnodes_births: 2.
num_vsnodes_deaths: 0.
num_space_committed: 933.
num_space_uncommitted: 0.
num_chunks_returned_to_freelist: 6.
num_chunks_taken_from_freelist: 2500.
num_chunk_merges: 6.
num_chunk_splits: 1647.
num_chunks_enlarged: 1126.
num_inconsistent_stats: 0.

CodeHeap 'non-profiled nmethods': size=120000Kb used=2551Kb max_used=2551Kb free=117448Kb
 bounds [0x000001711c220000, 0x000001711c4a0000, 0x0000017123750000]
CodeHeap 'profiled nmethods': size=120000Kb used=9805Kb max_used=9805Kb free=110194Kb
 bounds [0x0000017114750000, 0x00000171150f0000, 0x000001711bc80000]
CodeHeap 'non-nmethods': size=5760Kb used=1650Kb max_used=1674Kb free=4109Kb
 bounds [0x000001711bc80000, 0x000001711bef0000, 0x000001711c220000]
 total_blobs=5644 nmethods=4919 adapters=636
 compilation: enabled
              stopped_count=0, restarted_count=0
 full_count=0

Compilation events (20 events):
Event: 20.466 Thread 0x000001712f02f1d0 4936       2       java.io.InputStreamReader::read (11 bytes)
Event: 20.466 Thread 0x000001712f02f1d0 nmethod 4936 0x00000171150d5910 code [0x00000171150d5aa0, 0x00000171150d5bc8]
Event: 20.466 Thread 0x000001712f02f1d0 4937   !   2       sun.nio.cs.StreamDecoder::read (196 bytes)
Event: 20.466 Thread 0x000001712f02f1d0 nmethod 4937 0x00000171150d5c90 code [0x00000171150d5ec0, 0x00000171150d65e8]
Event: 20.466 Thread 0x000001712f02f1d0 4938       1       java.util.zip.ZipFile$ZipFileInputStream::size (5 bytes)
Event: 20.466 Thread 0x000001712f02f1d0 nmethod 4938 0x000001711c49db10 code [0x000001711c49dca0, 0x000001711c49dd78]
Event: 20.466 Thread 0x000001712f02f1d0 4939       3       java.lang.String::decodeASCII (64 bytes)
Event: 20.467 Thread 0x000001712f02f1d0 nmethod 4939 0x00000171150d6b10 code [0x00000171150d6ce0, 0x00000171150d7038]
Event: 20.467 Thread 0x000001712f02f1d0 4940       2       java.nio.Buffer::discardMark (6 bytes)
Event: 20.467 Thread 0x000001712f02f1d0 nmethod 4940 0x00000171150d7210 code [0x00000171150d73a0, 0x00000171150d74b8]
Event: 20.468 Thread 0x000001712f02f1d0 4941   !   2       java.util.concurrent.ConcurrentHashMap::putVal (432 bytes)
Event: 20.469 Thread 0x000001712f02f1d0 nmethod 4941 0x00000171150d7590 code [0x00000171150d7840, 0x00000171150d8748]
Event: 20.470 Thread 0x000001712f02f1d0 4943   !   3       java.util.concurrent.ConcurrentHashMap::transfer (849 bytes)
Event: 20.472 Thread 0x000001712f02f1d0 nmethod 4943 0x00000171150d9090 code [0x00000171150d94c0, 0x00000171150dbad8]
Event: 20.472 Thread 0x000001712f02f1d0 4944       2       java.lang.StringUTF16::hashCode (33 bytes)
Event: 20.472 Thread 0x000001712f02f1d0 nmethod 4944 0x00000171150dce90 code [0x00000171150dd020, 0x00000171150dd198]
Event: 20.490 Thread 0x000001712f02f1d0 4945       2       java.security.CodeSource::<init> (52 bytes)
Event: 20.490 Thread 0x000001712f02f1d0 nmethod 4945 0x00000171150dd290 code [0x00000171150dd440, 0x00000171150dd798]
Event: 20.492 Thread 0x000001712f02f1d0 4946 % !   3       java.util.concurrent.ConcurrentHashMap::transfer @ 437 (849 bytes)
Event: 20.494 Thread 0x000001712f02f1d0 nmethod 4946% 0x00000171150dd890 code [0x00000171150ddcc0, 0x00000171150e0818]

GC Heap History (20 events):
Event: 16.873 GC heap before
{Heap before GC invocations=4 (full 0):
 garbage-first heap   total 68608K, used 51200K [0x0000000080000000, 0x0000000100000000)
  region size 1024K, 40 young (40960K), 8 survivors (8192K)
 Metaspace       used 26305K, committed 26560K, reserved 1114112K
  class space    used 3350K, committed 3456K, reserved 1048576K
}
Event: 16.878 GC heap after
{Heap after GC invocations=5 (full 0):
 garbage-first heap   total 68608K, used 21339K [0x0000000080000000, 0x0000000100000000)
  region size 1024K, 2 young (2048K), 2 survivors (2048K)
 Metaspace       used 26305K, committed 26560K, reserved 1114112K
  class space    used 3350K, committed 3456K, reserved 1048576K
}
Event: 16.895 GC heap before
{Heap before GC invocations=5 (full 0):
 garbage-first heap   total 68608K, used 22363K [0x0000000080000000, 0x0000000100000000)
  region size 1024K, 3 young (3072K), 2 survivors (2048K)
 Metaspace       used 26430K, committed 26752K, reserved 1114112K
  class space    used 3374K, committed 3520K, reserved 1048576K
}
Event: 16.896 GC heap after
{Heap after GC invocations=6 (full 0):
 garbage-first heap   total 68608K, used 21229K [0x0000000080000000, 0x0000000100000000)
  region size 1024K, 1 young (1024K), 1 survivors (1024K)
 Metaspace       used 26430K, committed 26752K, reserved 1114112K
  class space    used 3374K, committed 3520K, reserved 1048576K
}
Event: 17.279 GC heap before
{Heap before GC invocations=6 (full 0):
 garbage-first heap   total 68608K, used 47853K [0x0000000080000000, 0x0000000100000000)
  region size 1024K, 27 young (27648K), 1 survivors (1024K)
 Metaspace       used 30008K, committed 30400K, reserved 1114112K
  class space    used 3958K, committed 4160K, reserved 1048576K
}
Event: 17.283 GC heap after
{Heap after GC invocations=7 (full 0):
 garbage-first heap   total 68608K, used 22663K [0x0000000080000000, 0x0000000100000000)
  region size 1024K, 2 young (2048K), 2 survivors (2048K)
 Metaspace       used 30008K, committed 30400K, reserved 1114112K
  class space    used 3958K, committed 4160K, reserved 1048576K
}
Event: 17.641 GC heap before
{Heap before GC invocations=7 (full 0):
 garbage-first heap   total 68608K, used 49287K [0x0000000080000000, 0x0000000100000000)
  region size 1024K, 28 young (28672K), 2 survivors (2048K)
 Metaspace       used 33397K, committed 33728K, reserved 1114112K
  class space    used 4530K, committed 4672K, reserved 1048576K
}
Event: 17.643 GC heap after
{Heap after GC invocations=8 (full 0):
 garbage-first heap   total 68608K, used 23810K [0x0000000080000000, 0x0000000100000000)
  region size 1024K, 3 young (3072K), 3 survivors (3072K)
 Metaspace       used 33397K, committed 33728K, reserved 1114112K
  class space    used 4530K, committed 4672K, reserved 1048576K
}
Event: 17.824 GC heap before
{Heap before GC invocations=8 (full 0):
 garbage-first heap   total 68608K, used 38146K [0x0000000080000000, 0x0000000100000000)
  region size 1024K, 19 young (19456K), 3 survivors (3072K)
 Metaspace       used 35685K, committed 35968K, reserved 1114112K
  class space    used 4862K, committed 4992K, reserved 1048576K
}
Event: 17.827 GC heap after
{Heap after GC invocations=9 (full 0):
 garbage-first heap   total 68608K, used 24494K [0x0000000080000000, 0x0000000100000000)
  region size 1024K, 2 young (2048K), 2 survivors (2048K)
 Metaspace       used 35685K, committed 35968K, reserved 1114112K
  class space    used 4862K, committed 4992K, reserved 1048576K
}
Event: 18.164 GC heap before
{Heap before GC invocations=10 (full 0):
 garbage-first heap   total 68608K, used 51118K [0x0000000080000000, 0x0000000100000000)
  region size 1024K, 29 young (29696K), 2 survivors (2048K)
 Metaspace       used 41292K, committed 41664K, reserved 1114112K
  class space    used 5471K, committed 5632K, reserved 1048576K
}
Event: 18.168 GC heap after
{Heap after GC invocations=11 (full 0):
 garbage-first heap   total 68608K, used 28120K [0x0000000080000000, 0x0000000100000000)
  region size 1024K, 4 young (4096K), 4 survivors (4096K)
 Metaspace       used 41292K, committed 41664K, reserved 1114112K
  class space    used 5471K, committed 5632K, reserved 1048576K
}
Event: 18.329 GC heap before
{Heap before GC invocations=11 (full 0):
 garbage-first heap   total 68608K, used 52696K [0x0000000080000000, 0x0000000100000000)
  region size 1024K, 28 young (28672K), 4 survivors (4096K)
 Metaspace       used 42393K, committed 42752K, reserved 1114112K
  class space    used 5646K, committed 5824K, reserved 1048576K
}
Event: 18.334 GC heap after
{Heap after GC invocations=12 (full 0):
 garbage-first heap   total 68608K, used 30411K [0x0000000080000000, 0x0000000100000000)
  region size 1024K, 3 young (3072K), 3 survivors (3072K)
 Metaspace       used 42393K, committed 42752K, reserved 1114112K
  class space    used 5646K, committed 5824K, reserved 1048576K
}
Event: 18.724 GC heap before
{Heap before GC invocations=12 (full 0):
 garbage-first heap   total 68608K, used 51915K [0x0000000080000000, 0x0000000100000000)
  region size 1024K, 25 young (25600K), 3 survivors (3072K)
 Metaspace       used 44413K, committed 44864K, reserved 1114112K
  class space    used 5967K, committed 6208K, reserved 1048576K
}
Event: 18.727 GC heap after
{Heap after GC invocations=13 (full 0):
 garbage-first heap   total 92160K, used 31758K [0x0000000080000000, 0x0000000100000000)
  region size 1024K, 4 young (4096K), 4 survivors (4096K)
 Metaspace       used 44413K, committed 44864K, reserved 1114112K
  class space    used 5967K, committed 6208K, reserved 1048576K
}
Event: 19.264 GC heap before
{Heap before GC invocations=13 (full 0):
 garbage-first heap   total 92160K, used 71694K [0x0000000080000000, 0x0000000100000000)
  region size 1024K, 43 young (44032K), 4 survivors (4096K)
 Metaspace       used 49588K, committed 50048K, reserved 1114112K
  class space    used 6798K, committed 7040K, reserved 1048576K
}
Event: 19.268 GC heap after
{Heap after GC invocations=14 (full 0):
 garbage-first heap   total 92160K, used 33993K [0x0000000080000000, 0x0000000100000000)
  region size 1024K, 4 young (4096K), 4 survivors (4096K)
 Metaspace       used 49588K, committed 50048K, reserved 1114112K
  class space    used 6798K, committed 7040K, reserved 1048576K
}
Event: 20.177 GC heap before
{Heap before GC invocations=14 (full 0):
 garbage-first heap   total 92160K, used 73929K [0x0000000080000000, 0x0000000100000000)
  region size 1024K, 42 young (43008K), 4 survivors (4096K)
 Metaspace       used 54619K, committed 55168K, reserved 1114112K
  class space    used 7498K, committed 7808K, reserved 1048576K
}
Event: 20.181 GC heap after
{Heap after GC invocations=15 (full 0):
 garbage-first heap   total 92160K, used 36098K [0x0000000080000000, 0x0000000100000000)
  region size 1024K, 5 young (5120K), 5 survivors (5120K)
 Metaspace       used 54619K, committed 55168K, reserved 1114112K
  class space    used 7498K, committed 7808K, reserved 1048576K
}

Dll operation events (3 events):
Event: 0.129 Loaded shared library D:\soft\Android Studio\jbr\bin\java.dll
Event: 0.304 Loaded shared library D:\soft\Android Studio\jbr\bin\zip.dll
Event: 6.031 Loaded shared library D:\soft\Android Studio\jbr\bin\verify.dll

Deoptimization events (20 events):
Event: 20.466 Thread 0x000001712ff07720 DEOPT PACKING pc=0x00000171150cdb7e sp=0x00000052f10f6ff0
Event: 20.466 Thread 0x000001712ff07720 DEOPT UNPACKING pc=0x000001711bcd7143 sp=0x00000052f10f6460 mode 0
Event: 20.466 Thread 0x000001712ff07720 DEOPT PACKING pc=0x00000171150cdb7e sp=0x00000052f10f6ff0
Event: 20.466 Thread 0x000001712ff07720 DEOPT UNPACKING pc=0x000001711bcd7143 sp=0x00000052f10f6460 mode 0
Event: 20.466 Thread 0x000001712ff07720 DEOPT PACKING pc=0x00000171150ceef0 sp=0x00000052f10f6bb0
Event: 20.466 Thread 0x000001712ff07720 DEOPT UNPACKING pc=0x000001711bcd7143 sp=0x00000052f10f6050 mode 0
Event: 20.466 Thread 0x000001712ff07720 DEOPT PACKING pc=0x00000171150cdb7e sp=0x00000052f10f6ff0
Event: 20.466 Thread 0x000001712ff07720 DEOPT UNPACKING pc=0x000001711bcd7143 sp=0x00000052f10f6460 mode 0
Event: 20.467 Thread 0x000001712ff07720 DEOPT PACKING pc=0x00000171150cdb7e sp=0x00000052f10f6ff0
Event: 20.467 Thread 0x000001712ff07720 DEOPT UNPACKING pc=0x000001711bcd7143 sp=0x00000052f10f6460 mode 0
Event: 20.468 Thread 0x000001712ff07720 Uncommon trap: trap_request=0xffffff45 fr.pc=0x000001711c336998 relative=0x0000000000001278
Event: 20.468 Thread 0x000001712ff07720 Uncommon trap: reason=unstable_if action=reinterpret pc=0x000001711c336998 method=java.util.concurrent.ConcurrentHashMap.putVal(Ljava/lang/Object;Ljava/lang/Object;Z)Ljava/lang/Object; @ 245 c2
Event: 20.468 Thread 0x000001712ff07720 DEOPT PACKING pc=0x000001711c336998 sp=0x00000052f10f71b0
Event: 20.468 Thread 0x000001712ff07720 DEOPT UNPACKING pc=0x000001711bcd69a3 sp=0x00000052f10f7128 mode 2
Event: 20.470 Thread 0x000001712ff07720 Uncommon trap: trap_request=0xffffff45 fr.pc=0x000001711c2f3284 relative=0x00000000000012a4
Event: 20.470 Thread 0x000001712ff07720 Uncommon trap: reason=unstable_if action=reinterpret pc=0x000001711c2f3284 method=java.util.concurrent.ConcurrentHashMap.transfer([Ljava/util/concurrent/ConcurrentHashMap$Node;[Ljava/util/concurrent/ConcurrentHashMap$Node;)V @ 352 c2
Event: 20.470 Thread 0x000001712ff07720 DEOPT PACKING pc=0x000001711c2f3284 sp=0x00000052f10f7020
Event: 20.470 Thread 0x000001712ff07720 DEOPT UNPACKING pc=0x000001711bcd69a3 sp=0x00000052f10f6fa8 mode 2
Event: 20.492 Thread 0x000001712ff07720 DEOPT PACKING pc=0x00000171150db863 sp=0x00000052f10f66e0
Event: 20.492 Thread 0x000001712ff07720 DEOPT UNPACKING pc=0x000001711bcd7143 sp=0x00000052f10f5bf0 mode 0

Classes unloaded (0 events):
No events

Classes redefined (0 events):
No events

Internal exceptions (20 events):
Event: 19.858 Thread 0x000001712ff07720 Exception <a 'java/lang/NoSuchMethodError'{0x0000000083fb3818}: 'java.lang.Object java.lang.invoke.DelegatingMethodHandle$Holder.reinvoke_L(java.lang.Object, java.lang.Object, java.lang.Object, java.lang.Object, java.lang.Object, java.lang.Object, java.lang.Object, java.lang.Object, java.lang.Object, java.lang.Object, java.lang.Object, java.lang.Object, java.lang.Object, java.lang.Object, java.lang.Object, java.lang.Object, java.lang.Object, java.lang.Object, java.lang.Object, java.lang.Object, java.lang.O
Event: 19.858 Thread 0x000001712ff07720 Exception <a 'java/lang/NoSuchMethodError'{0x0000000083fbf260}: 'java.lang.Object java.lang.invoke.Invokers$Holder.invoker(java.lang.Object, java.lang.Object, java.lang.Object, java.lang.Object, java.lang.Object, java.lang.Object, java.lang.Object, java.lang.Object, java.lang.Object, java.lang.Object, java.lang.Object, java.lang.Object, java.lang.Object, java.lang.Object, java.lang.Object, java.lang.Object, java.lang.Object, java.lang.Object, java.lang.Object, java.lang.Object, java.lang.Object, java.lang.
Event: 19.859 Thread 0x000001712ff07720 Exception <a 'java/lang/NoSuchMethodError'{0x0000000083fc5e60}: 'java.lang.Object java.lang.invoke.DelegatingMethodHandle$Holder.delegate(java.lang.Object, java.lang.Object, java.lang.Object, java.lang.Object, java.lang.Object, java.lang.Object, java.lang.Object, java.lang.Object, java.lang.Object, java.lang.Object, java.lang.Object, java.lang.Object, java.lang.Object, java.lang.Object, java.lang.Object, java.lang.Object, java.lang.Object, java.lang.Object, java.lang.Object, java.lang.Object, java.lang.Obj
Event: 19.864 Thread 0x000001712ff07720 Exception <a 'java/lang/NoSuchMethodError'{0x0000000083e92858}: 'java.lang.Object java.lang.invoke.DirectMethodHandle$Holder.invokeStatic(java.lang.Object, java.lang.Object, java.lang.Object, java.lang.Object, java.lang.Object, java.lang.Object, java.lang.Object, java.lang.Object, java.lang.Object, java.lang.Object, java.lang.Object, java.lang.Object, java.lang.Object, java.lang.Object, java.lang.Object, java.lang.Object, java.lang.Object, java.lang.Object, java.lang.Object, java.lang.Object, java.lang.Obj
Event: 20.078 Thread 0x000001712ff07720 Exception <a 'java/lang/NoSuchMethodError'{0x00000000839e8e50}: static Lorg/gradle/api/internal/catalog/DefaultVersionCatalog;.<clinit>()V> (0x00000000839e8e50) 
thrown [s\src\hotspot\share\prims\jni.cpp, line 1127]
Event: 20.081 Thread 0x000001712ff07720 Exception <a 'java/lang/NoSuchMethodError'{0x0000000083838888}: static [Ljava/lang/Object;.<clinit>()V> (0x0000000083838888) 
thrown [s\src\hotspot\share\prims\jni.cpp, line 1127]
Event: 20.082 Thread 0x000001712ff07720 Exception <a 'java/lang/NoSuchMethodError'{0x000000008385dd58}: static Lorg/gradle/api/internal/catalog/DependencyModel;.<clinit>()V> (0x000000008385dd58) 
thrown [s\src\hotspot\share\prims\jni.cpp, line 1127]
Event: 20.082 Thread 0x000001712ff07720 Exception <a 'java/lang/NoSuchMethodError'{0x00000000838614e8}: static Lorg/gradle/api/internal/catalog/AbstractContextAwareModel;.<clinit>()V> (0x00000000838614e8) 
thrown [s\src\hotspot\share\prims\jni.cpp, line 1127]
Event: 20.083 Thread 0x000001712ff07720 Exception <a 'java/lang/NoSuchMethodError'{0x000000008387ac78}: static Lorg/gradle/api/internal/artifacts/dependencies/AbstractVersionConstraint;.<clinit>()V> (0x000000008387ac78) 
thrown [s\src\hotspot\share\prims\jni.cpp, line 1127]
Event: 20.087 Thread 0x000001712ff07720 Exception <a 'java/lang/NoSuchMethodError'{0x00000000838d6b48}: static Lorg/gradle/api/internal/catalog/PluginModel;.<clinit>()V> (0x00000000838d6b48) 
thrown [s\src\hotspot\share\prims\jni.cpp, line 1127]
Event: 20.088 Thread 0x000001712ff07720 Exception <a 'java/lang/NoSuchMethodError'{0x00000000838ebde0}: static Lorg/gradle/api/internal/catalog/VersionModel;.<clinit>()V> (0x00000000838ebde0) 
thrown [s\src\hotspot\share\prims\jni.cpp, line 1127]
Event: 20.090 Thread 0x000001712ff07720 Exception <a 'java/lang/NoSuchMethodError'{0x0000000083710518}: 'void java.lang.invoke.DirectMethodHandle$Holder.invokeSpecial(java.lang.Object, java.lang.Object, java.lang.Object, int)'> (0x0000000083710518) 
thrown [s\src\hotspot\share\interpreter\linkResolver.cpp, line 771]
Event: 20.173 Thread 0x000001712ff07720 Exception <a 'java/lang/NoSuchMethodError'{0x00000000834dd038}: 'int java.lang.invoke.DirectMethodHandle$Holder.invokeSpecialIFC(java.lang.Object, java.lang.Object, java.lang.Object)'> (0x00000000834dd038) 
thrown [s\src\hotspot\share\interpreter\linkResolver.cpp, line 771]
Event: 20.227 Thread 0x000001712ff07720 Exception <a 'java/lang/NoSuchMethodError'{0x0000000085673e58}: 'java.lang.Object java.lang.invoke.DirectMethodHandle$Holder.newInvokeSpecial(java.lang.Object, java.lang.Object, java.lang.Object, java.lang.Object, java.lang.Object, int)'> (0x0000000085673e58) 
thrown [s\src\hotspot\share\interpreter\linkResolver.cpp, line 771]
Event: 20.228 Thread 0x000001712ff07720 Exception <a 'java/lang/NoSuchMethodError'{0x00000000856792b0}: 'java.lang.Object java.lang.invoke.DirectMethodHandle$Holder.invokeSpecial(java.lang.Object, java.lang.Object, java.lang.Object, java.lang.Object, java.lang.Object, java.lang.Object, int)'> (0x00000000856792b0) 
thrown [s\src\hotspot\share\interpreter\linkResolver.cpp, line 771]
Event: 20.228 Thread 0x000001712ff07720 Exception <a 'java/lang/NoSuchMethodError'{0x000000008567e090}: 'java.lang.Object java.lang.invoke.Invokers$Holder.linkToTargetMethod(java.lang.Object, java.lang.Object, java.lang.Object, java.lang.Object, int, java.lang.Object)'> (0x000000008567e090) 
thrown [s\src\hotspot\share\interpreter\linkResolver.cpp, line 771]
Event: 20.231 Thread 0x000001712ff07720 Exception <a 'java/lang/NoSuchMethodError'{0x00000000856afdf0}: 'java.lang.Object java.lang.invoke.DirectMethodHandle$Holder.invokeSpecial(java.lang.Object, java.lang.Object, java.lang.Object, java.lang.Object, java.lang.Object, long)'> (0x00000000856afdf0) 
thrown [s\src\hotspot\share\interpreter\linkResolver.cpp, line 771]
Event: 20.233 Thread 0x000001712ff07720 Exception <a 'java/lang/NoSuchMethodError'{0x00000000856d2c38}: 'void java.lang.invoke.DirectMethodHandle$Holder.invokeStatic(java.lang.Object, java.lang.Object, java.lang.Object, int, java.lang.Object)'> (0x00000000856d2c38) 
thrown [s\src\hotspot\share\interpreter\linkResolver.cpp, line 771]
Event: 20.254 Thread 0x000001712ff07720 Implicit null exception at 0x000001711c267d72 to 0x000001711c268340
Event: 20.293 Thread 0x000001712ff07720 Exception <a 'sun/nio/fs/WindowsException'{0x00000000853e4898}> (0x00000000853e4898) 
thrown [s\src\hotspot\share\prims\jni.cpp, line 531]

VM Operations (20 events):
Event: 18.892 Executing VM operation: HandshakeAllThreads
Event: 18.892 Executing VM operation: HandshakeAllThreads done
Event: 19.264 Executing VM operation: G1CollectForAllocation
Event: 19.268 Executing VM operation: G1CollectForAllocation done
Event: 19.565 Executing VM operation: HandshakeAllThreads
Event: 19.565 Executing VM operation: HandshakeAllThreads done
Event: 19.710 Executing VM operation: ICBufferFull
Event: 19.710 Executing VM operation: ICBufferFull done
Event: 20.177 Executing VM operation: G1CollectForAllocation
Event: 20.181 Executing VM operation: G1CollectForAllocation done
Event: 20.266 Executing VM operation: HandshakeAllThreads
Event: 20.266 Executing VM operation: HandshakeAllThreads done
Event: 20.295 Executing VM operation: HandshakeAllThreads
Event: 20.295 Executing VM operation: HandshakeAllThreads done
Event: 20.316 Executing VM operation: HandshakeAllThreads
Event: 20.316 Executing VM operation: HandshakeAllThreads done
Event: 20.317 Executing VM operation: HandshakeAllThreads
Event: 20.317 Executing VM operation: HandshakeAllThreads done
Event: 20.361 Executing VM operation: HandshakeAllThreads
Event: 20.361 Executing VM operation: HandshakeAllThreads done

Events (20 events):
Event: 20.452 loading class java/net/ProxySelector
Event: 20.453 loading class java/net/ProxySelector done
Event: 20.453 loading class sun/net/spi/DefaultProxySelector
Event: 20.453 loading class sun/net/spi/DefaultProxySelector done
Event: 20.453 loading class java/net/Proxy
Event: 20.453 loading class java/net/Proxy done
Event: 20.453 loading class java/net/Proxy$Type
Event: 20.453 loading class java/net/Proxy$Type done
Event: 20.453 loading class sun/net/spi/DefaultProxySelector$1
Event: 20.453 loading class sun/net/spi/DefaultProxySelector$1 done
Event: 20.469 loading class java/util/concurrent/ConcurrentHashMap$TreeNode
Event: 20.469 loading class java/util/concurrent/ConcurrentHashMap$TreeNode done
Event: 20.469 loading class java/util/concurrent/ConcurrentHashMap$TreeBin
Event: 20.470 loading class java/util/concurrent/ConcurrentHashMap$TreeBin done
Event: 20.490 loading class java/net/SocketTimeoutException
Event: 20.490 loading class java/net/SocketTimeoutException done
Event: 20.490 loading class java/net/ConnectException
Event: 20.490 loading class java/net/ConnectException done
Event: 20.490 loading class java/net/NoRouteToHostException
Event: 20.490 loading class java/net/NoRouteToHostException done


Dynamic libraries:
0x00007ff781290000 - 0x00007ff78129a000 	D:\soft\Android Studio\jbr\bin\java.exe
0x00007ff9e3bf0000 - 0x00007ff9e3de8000 	C:\WINDOWS\SYSTEM32\ntdll.dll
0x00007ff9e3140000 - 0x00007ff9e31fd000 	C:\WINDOWS\System32\KERNEL32.DLL
0x00007ff9e14f0000 - 0x00007ff9e17e6000 	C:\WINDOWS\System32\KERNELBASE.dll
0x00007ff9e1350000 - 0x00007ff9e1450000 	C:\WINDOWS\System32\ucrtbase.dll
0x00007ff9d77a0000 - 0x00007ff9d77b7000 	D:\soft\Android Studio\jbr\bin\jli.dll
0x00007ff9cd810000 - 0x00007ff9cd82b000 	D:\soft\Android Studio\jbr\bin\VCRUNTIME140.dll
0x00007ff9e1e00000 - 0x00007ff9e1f9f000 	C:\WINDOWS\System32\USER32.dll
0x00007ff9e1c00000 - 0x00007ff9e1c22000 	C:\WINDOWS\System32\win32u.dll
0x00007ff9e3460000 - 0x00007ff9e348b000 	C:\WINDOWS\System32\GDI32.dll
0x00007ff9e1ae0000 - 0x00007ff9e1bf7000 	C:\WINDOWS\System32\gdi32full.dll
0x00007ff9e12b0000 - 0x00007ff9e134d000 	C:\WINDOWS\System32\msvcp_win.dll
0x00007ff9d2670000 - 0x00007ff9d290a000 	C:\WINDOWS\WinSxS\amd64_microsoft.windows.common-controls_6595b64144ccf1df_6.0.19041.4355_none_60b8b9eb71f62e16\COMCTL32.dll
0x00007ff9e1c30000 - 0x00007ff9e1cce000 	C:\WINDOWS\System32\msvcrt.dll
0x00007ff9e3530000 - 0x00007ff9e355f000 	C:\WINDOWS\System32\IMM32.DLL
0x00007ff9cf980000 - 0x00007ff9cf98c000 	D:\soft\Android Studio\jbr\bin\vcruntime140_1.dll
0x00007ff9b5650000 - 0x00007ff9b56dd000 	D:\soft\Android Studio\jbr\bin\msvcp140.dll
0x00007ff984520000 - 0x00007ff9851a3000 	D:\soft\Android Studio\jbr\bin\server\jvm.dll
0x00007ff9e28d0000 - 0x00007ff9e2980000 	C:\WINDOWS\System32\ADVAPI32.dll
0x00007ff9e39e0000 - 0x00007ff9e3a80000 	C:\WINDOWS\System32\sechost.dll
0x00007ff9e3a80000 - 0x00007ff9e3ba3000 	C:\WINDOWS\System32\RPCRT4.dll
0x00007ff9e14c0000 - 0x00007ff9e14e7000 	C:\WINDOWS\System32\bcrypt.dll
0x00007ff9e1050000 - 0x00007ff9e109b000 	C:\WINDOWS\SYSTEM32\POWRPROF.dll
0x00007ff9ca290000 - 0x00007ff9ca2b7000 	C:\WINDOWS\SYSTEM32\WINMM.dll
0x00007ff9d4fc0000 - 0x00007ff9d4fca000 	C:\WINDOWS\SYSTEM32\VERSION.dll
0x00007ff9dd880000 - 0x00007ff9dd889000 	C:\WINDOWS\SYSTEM32\WSOCK32.dll
0x00007ff9e3610000 - 0x00007ff9e367b000 	C:\WINDOWS\System32\ws2_32.DLL
0x00007ff9e1030000 - 0x00007ff9e1042000 	C:\WINDOWS\SYSTEM32\UMPDC.dll
0x00007ff9dfb10000 - 0x00007ff9dfb22000 	C:\WINDOWS\SYSTEM32\kernel.appcore.dll
0x00007ff9dd840000 - 0x00007ff9dd84a000 	D:\soft\Android Studio\jbr\bin\jimage.dll
0x00007ff9df310000 - 0x00007ff9df4f4000 	C:\WINDOWS\SYSTEM32\DBGHELP.DLL
0x00007ff9d8470000 - 0x00007ff9d84a4000 	C:\WINDOWS\SYSTEM32\dbgcore.DLL
0x00007ff9e17f0000 - 0x00007ff9e1872000 	C:\WINDOWS\System32\bcryptPrimitives.dll
0x00007ff9daec0000 - 0x00007ff9daece000 	D:\soft\Android Studio\jbr\bin\instrument.dll
0x00007ff9dac20000 - 0x00007ff9dac45000 	D:\soft\Android Studio\jbr\bin\java.dll
0x00007ff9da920000 - 0x00007ff9da938000 	D:\soft\Android Studio\jbr\bin\zip.dll
0x00007ff9e2160000 - 0x00007ff9e28cc000 	C:\WINDOWS\System32\SHELL32.dll
0x00007ff9deb70000 - 0x00007ff9df30d000 	C:\WINDOWS\SYSTEM32\windows.storage.dll
0x00007ff9e3680000 - 0x00007ff9e39d3000 	C:\WINDOWS\System32\combase.dll
0x00007ff9e0c00000 - 0x00007ff9e0c2e000 	C:\WINDOWS\SYSTEM32\Wldp.dll
0x00007ff9e2b90000 - 0x00007ff9e2c5d000 	C:\WINDOWS\System32\OLEAUT32.dll
0x00007ff9e3200000 - 0x00007ff9e32ad000 	C:\WINDOWS\System32\SHCORE.dll
0x00007ff9e2100000 - 0x00007ff9e2155000 	C:\WINDOWS\System32\shlwapi.dll
0x00007ff9e11e0000 - 0x00007ff9e1204000 	C:\WINDOWS\SYSTEM32\profapi.dll
0x00007ff9d8950000 - 0x00007ff9d8969000 	D:\soft\Android Studio\jbr\bin\net.dll
0x00007ff9d8ed0000 - 0x00007ff9d8fda000 	C:\WINDOWS\SYSTEM32\WINHTTP.dll
0x00007ff9e0960000 - 0x00007ff9e09ca000 	C:\WINDOWS\system32\mswsock.dll
0x00007ff9d7870000 - 0x00007ff9d7886000 	D:\soft\Android Studio\jbr\bin\nio.dll
0x00007ff9daf30000 - 0x00007ff9daf40000 	D:\soft\Android Studio\jbr\bin\verify.dll
0x00007ff9d7570000 - 0x00007ff9d7597000 	C:\Users\user\.gradle\native\c067742578af261105cb4f569cf0c3c89f3d7b1fecec35dd04571415982c5e48\windows-amd64\native-platform.dll
0x00007ff9ad160000 - 0x00007ff9ad2a4000 	C:\Users\user\.gradle\native\38dada09dfb8b06ba9b0570ebf7e218e3eb74d4ef43ca46872605cf95ebc2f47\windows-amd64\native-platform-file-events.dll
0x00007ff9db100000 - 0x00007ff9db109000 	D:\soft\Android Studio\jbr\bin\management.dll
0x00007ff9db0a0000 - 0x00007ff9db0ab000 	D:\soft\Android Studio\jbr\bin\management_ext.dll
0x00007ff9e3520000 - 0x00007ff9e3528000 	C:\WINDOWS\System32\PSAPI.DLL
0x00007ff9e0b60000 - 0x00007ff9e0b78000 	C:\WINDOWS\SYSTEM32\CRYPTSP.dll
0x00007ff9e0280000 - 0x00007ff9e02b4000 	C:\WINDOWS\system32\rsaenh.dll
0x00007ff9e1190000 - 0x00007ff9e11be000 	C:\WINDOWS\SYSTEM32\USERENV.dll
0x00007ff9e0b50000 - 0x00007ff9e0b5c000 	C:\WINDOWS\SYSTEM32\CRYPTBASE.dll
0x00007ff9e0640000 - 0x00007ff9e067b000 	C:\WINDOWS\SYSTEM32\IPHLPAPI.DLL
0x00007ff9e3490000 - 0x00007ff9e3498000 	C:\WINDOWS\System32\NSI.dll
0x00007ff9db050000 - 0x00007ff9db067000 	C:\WINDOWS\SYSTEM32\dhcpcsvc6.DLL
0x00007ff9da8e0000 - 0x00007ff9da8fd000 	C:\WINDOWS\SYSTEM32\dhcpcsvc.DLL
0x00007ff9e0680000 - 0x00007ff9e074a000 	C:\WINDOWS\SYSTEM32\DNSAPI.dll
0x00007ff9db350000 - 0x00007ff9db359000 	D:\soft\Android Studio\jbr\bin\extnet.dll
0x00007ff9db4a0000 - 0x00007ff9db4a7000 	C:\WINDOWS\system32\wshunix.dll

dbghelp: loaded successfully - version: 4.0.5 - missing functions: none
symbol engine: initialized successfully - sym options: 0x614 - pdb path: .;D:\soft\Android Studio\jbr\bin;C:\WINDOWS\SYSTEM32;C:\WINDOWS\WinSxS\amd64_microsoft.windows.common-controls_6595b64144ccf1df_6.0.19041.4355_none_60b8b9eb71f62e16;D:\soft\Android Studio\jbr\bin\server;C:\Users\user\.gradle\native\c067742578af261105cb4f569cf0c3c89f3d7b1fecec35dd04571415982c5e48\windows-amd64;C:\Users\user\.gradle\native\38dada09dfb8b06ba9b0570ebf7e218e3eb74d4ef43ca46872605cf95ebc2f47\windows-amd64

VM Arguments:
jvm_args: --add-opens=java.base/java.util=ALL-UNNAMED --add-opens=java.base/java.lang=ALL-UNNAMED --add-opens=java.base/java.lang.invoke=ALL-UNNAMED --add-opens=java.prefs/java.util.prefs=ALL-UNNAMED --add-opens=java.base/java.nio.charset=ALL-UNNAMED --add-opens=java.base/java.net=ALL-UNNAMED --add-opens=java.base/java.util.concurrent.atomic=ALL-UNNAMED -Xmx2048m -Dfile.encoding=UTF-8 -Duser.country=US -Duser.language=en -Duser.variant -javaagent:C:\Users\user\.gradle\wrapper\dists\gradle-8.7-bin\bhs2wmbdwecv87pi65oeuq5iu\gradle-8.7\lib\agents\gradle-instrumentation-agent-8.7.jar 
java_command: org.gradle.launcher.daemon.bootstrap.GradleDaemon 8.7
java_class_path (initial): C:\Users\user\.gradle\wrapper\dists\gradle-8.7-bin\bhs2wmbdwecv87pi65oeuq5iu\gradle-8.7\lib\gradle-launcher-8.7.jar
Launcher Type: SUN_STANDARD

[Global flags]
     intx CICompilerCount                          = 3                                         {product} {ergonomic}
     uint ConcGCThreads                            = 2                                         {product} {ergonomic}
     uint G1ConcRefinementThreads                  = 6                                         {product} {ergonomic}
   size_t G1HeapRegionSize                         = 1048576                                   {product} {ergonomic}
    uintx GCDrainStackTargetSize                   = 64                                        {product} {ergonomic}
   size_t InitialHeapSize                          = 123731968                                 {product} {ergonomic}
   size_t MarkStackSize                            = 4194304                                   {product} {ergonomic}
   size_t MaxHeapSize                              = 2147483648                                {product} {command line}
   size_t MaxNewSize                               = 1287651328                                {product} {ergonomic}
   size_t MinHeapDeltaBytes                        = 1048576                                   {product} {ergonomic}
   size_t MinHeapSize                              = 8388608                                   {product} {ergonomic}
    uintx NonNMethodCodeHeapSize                   = 5832780                                {pd product} {ergonomic}
    uintx NonProfiledCodeHeapSize                  = 122912730                              {pd product} {ergonomic}
    uintx ProfiledCodeHeapSize                     = 122912730                              {pd product} {ergonomic}
    uintx ReservedCodeCacheSize                    = 251658240                              {pd product} {ergonomic}
     bool SegmentedCodeCache                       = true                                      {product} {ergonomic}
   size_t SoftMaxHeapSize                          = 2147483648                             {manageable} {ergonomic}
     bool UseCompressedClassPointers               = true                           {product lp64_product} {ergonomic}
     bool UseCompressedOops                        = true                           {product lp64_product} {ergonomic}
     bool UseG1GC                                  = true                                      {product} {ergonomic}
     bool UseLargePagesIndividualAllocation        = false                                  {pd product} {ergonomic}

Logging:
Log output configuration:
 #0: stdout all=warning uptime,level,tags
 #1: stderr all=off uptime,level,tags

Environment Variables:
PATH=C:\ProgramData\Oracle\Java\javapath;C:\WINDOWS\system32;C:\WINDOWS;C:\WINDOWS\System32\Wbem;C:\WINDOWS\System32\WindowsPowerShell\v1.0\;C:\WINDOWS\System32\OpenSSH\;C:\Users\user\AppData\Local\Microsoft\WindowsApps;D:\soft\ffmpeg\bin;
USERNAME=user
OS=Windows_NT
PROCESSOR_IDENTIFIER=AMD64 Family 23 Model 96 Stepping 1, AuthenticAMD
TMP=C:\Users\user\AppData\Local\Temp
TEMP=C:\Users\user\AppData\Local\Temp



Periodic native trim disabled

JNI global refs:
JNI global refs: 26, weak refs: 2

JNI global refs memory usage: 843, weak refs: 841

Process memory usage:
Resident Set Size: 262912K (3% of 7730488K total physical memory with 225172K free physical memory)

OOME stack traces (most recent first):
Classloader memory used:
Loader org.gradle.internal.classloader.VisitableURLClassLoader                         : 3346K
Loader bootstrap                                                                       : 2774K
Loader org.gradle.initialization.MixInLegacyTypesClassLoader                           : 1145K
Loader jdk.internal.loader.ClassLoaders$PlatformClassLoader                            : 83737B
Loader jdk.internal.loader.ClassLoaders$AppClassLoader                                 : 28742B
Loader jdk.internal.reflect.DelegatingClassLoader                                      : 17087B
Loader org.gradle.internal.classloader.VisitableURLClassLoader                         : 15827B

Classes loaded by more than one classloader:
Class Program                                                                         : loaded 3 times (x 70B)
Class org.gradle.internal.classpath.ClassPath                                         : loaded 2 times (x 68B)
Class org.gradle.api.internal.classpath.DefaultModuleRegistry                         : loaded 2 times (x 84B)
Class Settings_gradle$1$1                                                             : loaded 2 times (x 72B)
Class org.gradle.api.Action                                                           : loaded 2 times (x 68B)
Class org.gradle.api.internal.DefaultClassPathProvider                                : loaded 2 times (x 74B)
Class org.gradle.internal.installation.GradleInstallation$1                           : loaded 2 times (x 73B)
Class org.gradle.internal.classloader.FilteringClassLoader                            : loaded 2 times (x 103B)
Class org.gradle.internal.classpath.DefaultClassPath$ImmutableUniqueList$Builder      : loaded 2 times (x 73B)
Class org.gradle.internal.classloader.ClassLoaderVisitor                              : loaded 2 times (x 74B)
Class org.gradle.internal.service.DefaultServiceLocator                               : loaded 2 times (x 81B)
Class org.gradle.internal.service.UnknownServiceException                             : loaded 2 times (x 81B)
Class org.gradle.internal.classloader.DefaultClassLoaderFactory                       : loaded 2 times (x 80B)
Class org.gradle.internal.classloader.VisitableURLClassLoader$Spec                    : loaded 2 times (x 72B)
Class org.gradle.api.GradleException                                                  : loaded 2 times (x 80B)
Class org.gradle.api.internal.classpath.ModuleRegistry                                : loaded 2 times (x 68B)
Class org.gradle.api.internal.ClassPathProvider                                       : loaded 2 times (x 68B)
Class org.gradle.internal.classloader.ClasspathUtil$1                                 : loaded 2 times (x 74B)
Class org.gradle.internal.classloader.ClassLoaderFactory                              : loaded 2 times (x 68B)
Class org.gradle.api.internal.classpath.ManifestUtil                                  : loaded 2 times (x 69B)
Class org.gradle.api.specs.Spec                                                       : loaded 2 times (x 68B)
Class org.gradle.internal.IoActions                                                   : loaded 2 times (x 69B)
Class org.gradle.api.internal.classpath.EffectiveClassPath                            : loaded 2 times (x 88B)
Class org.gradle.internal.installation.CurrentGradleInstallation                      : loaded 2 times (x 71B)
Class org.gradle.internal.agents.InstrumentingClassLoader                             : loaded 2 times (x 68B)
Class org.gradle.internal.installation.CurrentGradleInstallationLocator               : loaded 2 times (x 69B)
Class org.gradle.api.internal.classpath.Module                                        : loaded 2 times (x 68B)
Class org.gradle.internal.service.CachingServiceLocator                               : loaded 2 times (x 80B)
Class org.gradle.internal.classpath.DefaultClassPath                                  : loaded 2 times (x 88B)
Class org.gradle.internal.classloader.SystemClassLoaderSpec                           : loaded 2 times (x 69B)
Class org.gradle.api.UncheckedIOException                                             : loaded 2 times (x 80B)
Class org.gradle.internal.installation.GradleInstallation                             : loaded 2 times (x 73B)
Class org.gradle.internal.classloader.ClasspathUtil                                   : loaded 2 times (x 69B)
Class org.gradle.api.internal.DefaultClassPathRegistry                                : loaded 2 times (x 74B)
Class org.gradle.api.internal.classpath.DefaultModuleRegistry$DefaultModule           : loaded 2 times (x 84B)
Class org.gradle.api.internal.classpath.UnknownModuleException                        : loaded 2 times (x 80B)
Class org.gradle.internal.service.ServiceLookupException                              : loaded 2 times (x 80B)
Class org.gradle.cache.GlobalCache                                                    : loaded 2 times (x 68B)
Class [Lorg.gradle.api.internal.ClassPathProvider;                                    : loaded 2 times (x 67B)
Class org.gradle.util.internal.GUtil                                                  : loaded 2 times (x 69B)
Class org.gradle.internal.classloader.ClassLoaderSpec                                 : loaded 2 times (x 69B)
Class org.gradle.internal.classloader.VisitableURLClassLoader                         : loaded 2 times (x 115B)
Class org.gradle.internal.Cast                                                        : loaded 2 times (x 69B)
Class org.gradle.api.internal.ClassPathRegistry                                       : loaded 2 times (x 68B)
Class org.gradle.internal.classloader.VisitableURLClassLoader$InstrumentingVisitableURLClassLoader: loaded 2 times (x 121B)
Class org.gradle.internal.classloader.ClassLoaderHierarchy                            : loaded 2 times (x 68B)
Class org.gradle.internal.InternalTransformer                                         : loaded 2 times (x 68B)
Class org.gradle.internal.service.ServiceLocator                                      : loaded 2 times (x 68B)
Class Settings_gradle$1                                                               : loaded 2 times (x 72B)
Class org.gradle.internal.classpath.DefaultClassPath$ImmutableUniqueList              : loaded 2 times (x 159B)
Class org.gradle.internal.classpath.TransformedClassPath                              : loaded 2 times (x 94B)
Class Settings_gradle                                                                 : loaded 2 times (x 126B)


---------------  S Y S T E M  ---------------

OS:
 Windows 10 , 64 bit Build 19041 (10.0.19041.3636)
OS uptime: 23 days 16:19 hours

CPU: total 6 (initial active 6) (6 cores per cpu, 1 threads per core) family 23 model 96 stepping 1 microcode 0x0, cx8, cmov, fxsr, mmx, 3dnowpref, sse, sse2, sse3, ssse3, sse4a, sse4.1, sse4.2, popcnt, lzcnt, tsc, tscinvbit, avx, avx2, aes, clmul, bmi1, bmi2, adx, sha, fma, vzeroupper, clflush, clflushopt
Processor Information for all 6 processors :
  Max Mhz: 2375, Current Mhz: 2375, Mhz Limit: 2375

Memory: 4k page, system-wide physical 7549M (219M free)
TotalPageFile size 22909M (AvailPageFile size 4M)
current process WorkingSet (physical memory assigned to process): 256M, peak: 257M
current process commit charge ("private bytes"): 288M, peak: 290M

vm_info: OpenJDK 64-Bit Server VM (17.0.11+0--11852314) for windows-amd64 JRE (17.0.11+0--11852314), built on May 16 2024 21:29:20 by "androidbuild" with MS VC++ 16.10 / 16.11 (VS2019)

END.
